============================= test session starts ==============================
platform darwin -- Python 3.13.2, pytest-9.0.2, pluggy-1.6.0 -- /Library/Frameworks/Python.framework/Versions/3.13/bin/python3.13
cachedir: .pytest_cache
rootdir: /Users/anish/Desktop/data_science_projects/retail_data_projects/csv_to_python_project/cleaning_and_tests
collecting ... collected 7 items

test_tables.py::TestDataChecks::test_no_duplicates PASSED                [ 14%]
test_tables.py::TestDataChecks::test_no_nulls PASSED                     [ 28%]
test_tables.py::TestDataChecks::test_schema_valid PASSED                 [ 42%]
test_tables.py::test_no_nulls PASSED                                     [ 57%]
test_tables.py::test_no_duplicates PASSED                                [ 71%]
test_tables.py::test_schema_valid PASSED                                 [ 85%]
test_tables.py::test_no_negative_ages PASSED                             [100%]

============================== 7 passed in 0.60s ===============================
